"../../../Engine/Content/Animation/DefaultAnimCurveCompressionSettings.uasset" 0
"../../../Engine/Content/Functions/Engine_MaterialFunctions01/Opacity/CameraDepthFade.uasset" 1
"../../../Engine/Content/EngineMaterials/T_Default_Material_Grid_M.uasset" 2
"../../../Engine/Content/EngineMaterials/T_Default_Material_Grid_N.uasset" 3
"../../../Engine/Content/EngineMaterials/WorldGridMaterial.uasset" 4
"../../../Engine/Content/ArtTools/RenderToTexture/Meshes/S_1_Unit_Plane.uasset" 5
"../../../Engine/Content/EngineMaterials/DefaultMaterial.uasset" 6
"../../../Engine/Content/BasicShapes/Cone.uasset" 7
"../../../Engine/Content/BasicShapes/Cylinder.uasset" 8
"../../../Engine/Content/BasicShapes/Plane.uasset" 9
"../../../Engine/Content/BasicShapes/Sphere.uasset" 10
"../../../Engine/Content/EngineMaterials/DefaultPhysicalMaterial.uasset" 11
"../../../Engine/Content/BufferVisualization/AmbientOcclusion.uasset" 12
"../../../Engine/Content/BufferVisualization/BaseColor.uasset" 13
"../../../Engine/Content/BufferVisualization/CustomDepth.uasset" 14
"../../../Engine/Content/Functions/Engine_MaterialFunctions02/Utility/VectorLength.uasset" 15
"../../../Engine/Content/BufferVisualization/CustomDepthWorldUnits.uasset" 16
"../../../Engine/Content/Functions/Engine_MaterialFunctions02/Utility/BreakOutFloat2Components.uasset" 17
"../../../Engine/Content/Functions/Engine_MaterialFunctions01/Texturing/ScaleUVsByCenter.uasset" 18
"../../../Engine/Content/Functions/Engine_MaterialFunctions02/ScreenResolution.uasset" 19
"../../../Engine/Content/Functions/Engine_MaterialFunctions02/Texturing/ScreenAlignedUVs.uasset" 20
"../../../Engine/Content/Functions/Engine_MaterialFunctions02/Utility/MakeFloat2.uasset" 21
"../../../Engine/Content/Functions/Engine_MaterialFunctions02/Utility/MakeFloat3.uasset" 22
"../../../Engine/Content/EngineMaterials/MiniFont.uasset" 23
"../../../Engine/Content/BufferVisualization/CustomStencil.uasset" 24
"../../../Engine/Content/BufferVisualization/FinalImage.uasset" 25
"../../../Engine/Content/BufferVisualization/LightingModel.uasset" 26
"../../../Engine/Content/BufferVisualization/MaterialAO.uasset" 27
"../../../Engine/Content/BufferVisualization/Metallic.uasset" 28
"../../../Engine/Content/BufferVisualization/Opacity.uasset" 29
"../../../Engine/Content/BufferVisualization/PostTonemapHDRColor.uasset" 30
"../../../Engine/Content/BufferVisualization/PreTonemapHDRColor.uasset" 31
"../../../Engine/Content/BufferVisualization/Roughness.uasset" 32
"../../../Engine/Content/BufferVisualization/SceneColor.uasset" 33
"../../../Engine/Content/BufferVisualization/SceneDepth.uasset" 34
"../../../Engine/Content/BufferVisualization/SceneDepthWorldUnits.uasset" 35
"../../../Engine/Content/BufferVisualization/SeparateTranslucencyA.uasset" 36
"../../../Engine/Content/BufferVisualization/SeparateTranslucencyRGB.uasset" 37
"../../../Engine/Content/BufferVisualization/Specular.uasset" 38
"../../../Engine/Content/BufferVisualization/SubsurfaceColor.uasset" 39
"../../../Engine/Content/BufferVisualization/Velocity.uasset" 40
"../../../Engine/Content/BufferVisualization/WorldNormal.uasset" 41
"../../../Engine/Content/EditorLandscapeResources/DataLayer.uasset" 42
"../../../Engine/Content/EditorLandscapeResources/DefaultAlphaTexture.uasset" 43
"../../../Engine/Content/EditorLandscapeResources/LandscapeGizmoHeight_Mat.uasset" 44
"../../../Engine/Content/EditorLandscapeResources/LandscapeGizmo_Mat.uasset" 45
"../../../Engine/Content/EditorLandscapeResources/LandscapeGizmo_Mat_Copied.uasset" 46
"../../../Engine/Content/EditorLandscapeResources/SplineEditorMeshMat.uasset" 47
"../../../Engine/Content/EditorLandscapeResources/SplineEditorMesh.uasset" 48
"../../../Engine/Content/EditorMaterials/Cross.uasset" 49
"../../../Engine/Content/EditorMaterials/Cross_Mat.uasset" 50
"../../../Engine/Content/EngineMaterials/DefaultDiffuse.uasset" 51
"../../../Engine/Content/Functions/Engine_MaterialFunctions01/Texturing/TextureCropping.uasset" 52
"../../../Engine/Content/Functions/Engine_MaterialFunctions01/Texturing/ComputeMipLevel.uasset" 53
"../../../Engine/Content/Functions/Engine_MaterialFunctions02/ExampleContent/DebugNumberStrip.uasset" 54
"../../../Engine/Content/Functions/Engine_MaterialFunctions02/ExampleContent/Textures/DebugNumberPeriod.uasset" 55
"../../../Engine/Content/Functions/Engine_MaterialFunctions02/Utility/DebugScalarValues.uasset" 56
"../../../Engine/Content/Functions/Engine_MaterialFunctions02/Utility/DebugFloat2Values.uasset" 57
"../../../Engine/Content/Functions/Engine_MaterialFunctions02/ExampleContent/Textures/flipbook.uasset" 58
"../../../Engine/Content/Functions/Engine_MaterialFunctions02/Texturing/FlipBook.uasset" 59
"../../../Engine/Content/Functions/Engine_MaterialFunctions02/Utility/Sign.uasset" 60
"../../../Engine/Content/Functions/Engine_MaterialFunctions02/Utility/Round.uasset" 61
"../../../Engine/Content/EditorResources/T_EditorHelp.uasset" 62
"../../../Engine/Content/EditorMaterials/HelpActorMaterial.uasset" 63
"../../../Engine/Content/EditorMaterials/CompositeARGBLayer.uasset" 64
"../../../Engine/Content/EditorMaterials/TilingAALineIntegral.uasset" 65
"../../../Engine/Content/EditorMaterials/TilingAALineBoxFiltered.uasset" 66
"../../../Engine/Content/Functions/Engine_MaterialFunctions03/Procedurals/ComputeFilterWidth.uasset" 67
"../../../Engine/Content/EditorMaterials/TilingAADots.uasset" 68
"../../../Engine/Content/EngineMaterials/BlendFunc_DefBase.uasset" 69
"../../../Engine/Content/EngineMaterials/BlendFunc_DefBlend.uasset" 70
"../../../Engine/Content/Functions/Engine_MaterialFunctions03/Blends/Blend_Screen.uasset" 71
"../../../Engine/Content/EditorMaterials/TilingAAGrid.uasset" 72
"../../../Engine/Content/EditorMaterials/LevelGridMaterial.uasset" 73
"../../../Engine/Content/EditorMaterials/MakeCompositeARGBLayer.uasset" 74
"../../../Engine/Content/EditorResources/LevelGrid1DStripes.uasset" 75
"../../../Engine/Content/EditorMaterials/TextureGridCascaded1D.uasset" 76
"../../../Engine/Content/EditorMaterials/TextureGridCascaded2D.uasset" 77
"../../../Engine/Content/EditorMaterials/LevelGridMaterial2.uasset" 78
"../../../Engine/Content/EditorMaterials/MAT_Groups_Toggle.uasset" 79
"../../../Engine/Content/EditorMaterials/MAT_Groups_Visibility.uasset" 80
"../../../Engine/Content/EditorMaterials/PhAT_BoneSelectedMaterial.uasset" 81
"../../../Engine/Content/EditorMaterials/PhAT_ElemSelectedMaterial.uasset" 82
"../../../Engine/Content/EditorMaterials/PhAT_NoCollisionMaterial.uasset" 83
"../../../Engine/Content/EditorMaterials/PhAT_UnselectedMaterial.uasset" 84
"../../../Engine/Content/EditorMaterials/PreviewShadowIndicator.uasset" 85
"../../../Engine/Content/EditorMaterials/PreviewShadowIndicatorMaterial.uasset" 86
"../../../Engine/Content/EditorMaterials/TargetIcon.uasset" 87
"../../../Engine/Content/EditorMaterials/Tick.uasset" 88
"../../../Engine/Content/EditorMaterials/Tick_Mat.uasset" 89
"../../../Engine/Content/EditorMaterials/WidgetGridVertexColorMaterial.uasset" 90
"../../../Engine/Content/EditorMaterials/WidgetGridVertexColorMaterial_Ma.uasset" 91
"../../../Engine/Content/EditorMaterials/WidgetMaterial.uasset" 92
"../../../Engine/Content/EditorMaterials/WidgetMaterial_Current.uasset" 93
"../../../Engine/Content/EditorMaterials/WidgetMaterial_X.uasset" 94
"../../../Engine/Content/EditorMaterials/WidgetMaterial_Y.uasset" 95
"../../../Engine/Content/EditorMaterials/WidgetMaterial_Z.uasset" 96
"../../../Engine/Content/EditorMaterials/WidgetVertexColorMaterial.uasset" 97
"../../../Engine/Content/EditorMaterials/MatineeGroups/MAT_ColorTrack.uasset" 98
"../../../Engine/Content/EditorMaterials/MatineeGroups/MAT_Groups_Anim.uasset" 99
"../../../Engine/Content/EditorMaterials/MatineeGroups/MAT_Groups_AudioMaster.uasset" 100
"../../../Engine/Content/EditorMaterials/MatineeGroups/MAT_Groups_Director.uasset" 101
"../../../Engine/Content/EditorMaterials/MatineeGroups/MAT_Groups_Event.uasset" 102
"../../../Engine/Content/EditorMaterials/MatineeGroups/MAT_Groups_Fade.uasset" 103
"../../../Engine/Content/EditorMaterials/MatineeGroups/MAT_Groups_Float.uasset" 104
"../../../Engine/Content/EditorMaterials/MatineeGroups/MAT_Groups_Move.uasset" 105
"../../../Engine/Content/EditorMaterials/MatineeGroups/MAT_Groups_Slomo.uasset" 106
"../../../Engine/Content/EditorMaterials/MatineeGroups/MAT_Groups_Sound.uasset" 107
"../../../Engine/Content/EditorMaterials/MatineeGroups/MAT_Groups_Vector.uasset" 108
"../../../Engine/Content/EditorMaterials/ParticleSystems/PSysThumbnail_NoImage.uasset" 109
"../../../Engine/Content/EditorMaterials/ParticleSystems/PSysThumbnail_OOD.uasset" 110
"../../../Engine/Content/EngineMaterials/Grid.uasset" 111
"../../../Engine/Content/EditorMaterials/Thumbnails/FloorPlaneMaterial.uasset" 112
"../../../Engine/Content/EditorMeshes/EditorCube.uasset" 113
"../../../Engine/Content/EditorMeshes/EditorCylinder.uasset" 114
"../../../Engine/Content/EditorMeshes/EditorPlane.uasset" 115
"../../../Engine/Content/EditorMaterials/Thumbnails/SkySphereMaterial.uasset" 116
"../../../Engine/Content/EditorMeshes/EditorSkySphere.uasset" 117
"../../../Engine/Content/EditorMeshes/EditorSphere.uasset" 118
"../../../Engine/Content/EditorResources/MatineeCam_D.uasset" 119
"../../../Engine/Content/EditorMaterials/MatineeCam_mat.uasset" 120
"../../../Engine/Content/EditorMeshes/MatineeCam_SM.uasset" 121
"../../../Engine/Content/EditorMeshes/PlanarReflectionPlane.uasset" 122
"../../../Engine/Content/EditorMaterials/Camera/CineMat.uasset" 123
"../../../Engine/Content/EditorMaterials/Camera/MI_CineMat_CameraBody.uasset" 124
"../../../Engine/Content/EngineDebugMaterials/M_SimpleOpaque.uasset" 125
"../../../Engine/Content/EditorMaterials/Camera/MI_CineMat_CamViewFinder.uasset" 126
"../../../Engine/Content/EditorMeshes/Camera/SM_CineCam.uasset" 127
"../../../Engine/Content/EditorMaterials/Camera/MI_CineMat_Rig.uasset" 128
"../../../Engine/Content/EditorMeshes/Camera/SM_CraneRig_Arm.uasset" 129
"../../../Engine/Content/EditorMeshes/Camera/SM_CraneRig_Base.uasset" 130
"../../../Engine/Content/EditorMeshes/Camera/SM_CraneRig_Body.uasset" 131
"../../../Engine/Content/EditorMeshes/Camera/SM_CraneRig_Mount.uasset" 132
"../../../Engine/Content/EditorMeshes/Camera/SM_RailRig_Mount.uasset" 133
"../../../Engine/Content/EditorMeshes/Camera/SM_RailRig_Track.uasset" 134
"../../../Engine/Content/EditorMeshes/ColorCalibrator/M_ChromeBall.uasset" 135
"../../../Engine/Content/EditorResources/Bad.uasset" 136
"../../../Engine/Content/EditorResources/BSPVertex.uasset" 137
"../../../Engine/Content/EditorResources/EmptyActor.uasset" 138
"../../../Engine/Content/EditorResources/MatInstActSprite.uasset" 139
"../../../Engine/Content/EditorResources/SceneManager.uasset" 140
"../../../Engine/Content/EditorResources/SmallFont.uasset" 141
"../../../Engine/Content/EditorResources/S_Actor.uasset" 142
"../../../Engine/Content/EditorResources/S_DecalActorIcon.uasset" 143
"../../../Engine/Content/EditorResources/S_Emitter.uasset" 144
"../../../Engine/Content/EditorResources/S_ExpoHeightFog.uasset" 145
"../../../Engine/Content/EditorResources/S_FTest.uasset" 146
"../../../Engine/Content/EditorResources/S_KBSJoint.uasset" 147
"../../../Engine/Content/EditorResources/S_KHinge.uasset" 148
"../../../Engine/Content/EditorResources/S_KPrismatic.uasset" 149
"../../../Engine/Content/EditorResources/S_LevelSequence.uasset" 150
"../../../Engine/Content/EditorResources/S_NavP.uasset" 151
"../../../Engine/Content/EditorResources/S_Note.uasset" 152
"../../../Engine/Content/EditorResources/S_Player.uasset" 153
"../../../Engine/Content/EditorResources/S_PortalActorIcon2.uasset" 154
"../../../Engine/Content/EditorResources/S_RadForce.uasset" 155
"../../../Engine/Content/EditorResources/S_ReflActorIcon.uasset" 156
"../../../Engine/Content/EditorResources/S_SkyAtmosphere.uasset" 157
"../../../Engine/Content/EditorResources/S_Solver.uasset" 158
"../../../Engine/Content/EditorResources/S_Terrain.uasset" 159
"../../../Engine/Content/EditorResources/S_TextRenderActorIcon.uasset" 160
"../../../Engine/Content/EditorResources/S_Thruster.uasset" 161
"../../../Engine/Content/EditorResources/S_Trigger.uasset" 162
"../../../Engine/Content/EditorResources/S_VectorFieldVol.uasset" 163
"../../../Engine/Content/EditorResources/S_WindDirectional.uasset" 164
"../../../Engine/Content/EditorResources/AI/S_NavLink.uasset" 165
"../../../Engine/Content/EditorResources/AudioIcons/S_AudioComponent.uasset" 166
"../../../Engine/Content/EditorResources/AudioIcons/S_AudioComponent_AutoActivate.uasset" 167
"../../../Engine/Content/EditorResources/LightIcons/SkyLight.uasset" 168
"../../../Engine/Content/EditorResources/LightIcons/S_LightDirectional.uasset" 169
"../../../Engine/Content/EditorResources/LightIcons/S_LightDirectionalMove.uasset" 170
"../../../Engine/Content/EditorResources/LightIcons/S_LightError.uasset" 171
"../../../Engine/Content/EditorResources/LightIcons/S_LightPoint.uasset" 172
"../../../Engine/Content/EditorResources/LightIcons/S_LightPointMove.uasset" 173
"../../../Engine/Content/EditorResources/LightIcons/S_LightSpot.uasset" 174
"../../../Engine/Content/EditorResources/LightIcons/S_LightSpotMove.uasset" 175
"../../../Engine/Content/EditorResources/SequenceRecorder/Countdown.uasset" 176
"../../../Engine/Content/EditorResources/SequenceRecorder/RecordingIndicator.uasset" 177
"../../../Engine/Content/EditorResources/Spline/T_Loft_Spline.uasset" 178
"../../../Engine/Content/EditorSounds/Notifications/CompileFailed.uasset" 179
"../../../Engine/Content/EditorSounds/Notifications/CompileFailed_Cue.uasset" 180
"../../../Engine/Content/EditorSounds/Notifications/CompileSuccess.uasset" 181
"../../../Engine/Content/EditorSounds/Notifications/CompileStart_Cue.uasset" 182
"../../../Engine/Content/EditorSounds/Notifications/CompileSuccess_Cue.uasset" 183
"../../../Engine/Content/EngineDamageTypes/DmgTypeBP_Environmental.uasset" 184
"../../../Engine/Content/EngineDebugMaterials/HeatmapGradient.uasset" 185
"../../../Engine/Content/EngineDebugMaterials/BoneWeightMaterial.uasset" 186
"../../../Engine/Content/EngineDebugMaterials/ClothMaterial.uasset" 187
"../../../Engine/Content/EngineDebugMaterials/ClothMaterial_WF.uasset" 188
"../../../Engine/Content/EngineDebugMaterials/DebugEditorMaterial.uasset" 189
"../../../Engine/Content/EngineDebugMaterials/DebugMeshMaterial.uasset" 190
"../../../Engine/Content/EngineDebugMaterials/GeomMaterial.uasset" 191
"../../../Engine/Content/Functions/Engine_MaterialFunctions01/Shading/ConvertFromDiffSpec.uasset" 192
"../../../Engine/Content/EngineDebugMaterials/LevelColorationLitMaterial.uasset" 193
"../../../Engine/Content/EngineDebugMaterials/LevelColorationUnlitMaterial.uasset" 194
"../../../Engine/Content/EngineMaterials/DefaultWhiteGrid.uasset" 195
"../../../Engine/Content/EngineDebugMaterials/MAT_LevelColorationLitLightmapUV.uasset" 196
"../../../Engine/Content/EngineDebugMaterials/M_SimpleTranslucent.uasset" 197
"../../../Engine/Content/Functions/Engine_MaterialFunctions02/Utility/CameraDirectionVector.uasset" 198
"../../../Engine/Content/EngineDebugMaterials/VolumeToRender.uasset" 199
"../../../Engine/Content/EngineDebugMaterials/M_VolumeRenderSphereTracePP.uasset" 200
"../../../Engine/Content/EngineDebugMaterials/ShadedLevelColorationLitMaterial.uasset" 201
"../../../Engine/Content/EngineDebugMaterials/ShadedLevelColorationUnlitMateri.uasset" 202
"../../../Engine/Content/EngineDebugMaterials/VertexColorMaterial.uasset" 203
"../../../Engine/Content/EngineDebugMaterials/VertexColorViewMode_AlphaAsColor.uasset" 204
"../../../Engine/Content/EngineDebugMaterials/VertexColorViewMode_BlueOnly.uasset" 205
"../../../Engine/Content/EngineDebugMaterials/VertexColorViewMode_ColorOnly.uasset" 206
"../../../Engine/Content/EngineDebugMaterials/VertexColorViewMode_GreenOnly.uasset" 207
"../../../Engine/Content/EngineDebugMaterials/VertexColorViewMode_RedOnly.uasset" 208
"../../../Engine/Content/EngineDebugMaterials/WireframeMaterial.uasset" 209
"../../../Engine/Content/EngineFonts/Faces/DroidSansFallback.uasset" 210
"../../../Engine/Content/EngineFonts/Faces/RobotoBold.uasset" 211
"../../../Engine/Content/EngineFonts/Faces/RobotoBoldItalic.uasset" 212
"../../../Engine/Content/EngineFonts/Faces/RobotoItalic.uasset" 213
"../../../Engine/Content/EngineFonts/Faces/RobotoLight.uasset" 214
"../../../Engine/Content/EngineFonts/Faces/RobotoRegular.uasset" 215
"../../../Engine/Content/EngineFonts/Roboto.uasset" 216
"../../../Engine/Content/EngineFonts/Faces/RobotoTiny.uasset" 217
"../../../Engine/Content/EngineFonts/RobotoTiny.uasset" 218
"../../../Engine/Content/EngineFonts/SmallFont.uasset" 219
"../../../Engine/Content/EngineFonts/TinyFont.uasset" 220
"../../../Engine/Content/EngineMaterials/BaseFlattenDiffuseMap.uasset" 221
"../../../Engine/Content/EngineMaterials/BaseFlattenEmissiveMap.uasset" 222
"../../../Engine/Content/EngineMaterials/BaseFlattenGrayscaleMap.uasset" 223
"../../../Engine/Content/EngineMaterials/BaseFlattenNormalMap.uasset" 224
"../../../Engine/Content/EngineMaterials/BaseFlattenMaterial.uasset" 225
"../../../Engine/Content/EngineResources/WhiteSquareTexture.uasset" 226
"../../../Engine/Content/EngineMaterials/BlinkingCaret.uasset" 227
"../../../Engine/Content/EngineMaterials/BlueNoise.uasset" 228
"../../../Engine/Content/EngineMaterials/DefaultBloomKernel.uasset" 229
"../../../Engine/Content/EngineMaterials/DefaultBokeh.uasset" 230
"../../../Engine/Content/EngineMaterials/DefaultDeferredDecalMaterial.uasset" 231
"../../../Engine/Content/EngineMaterials/DefaultLightFunctionMaterial.uasset" 232
"../../../Engine/Content/EngineMaterials/DefaultNormal.uasset" 233
"../../../Engine/Content/EngineMaterials/DefaultPostProcessMaterial.uasset" 234
"../../../Engine/Content/EngineFonts/RobotoDistanceField.uasset" 235
"../../../Engine/Content/EngineMaterials/DefaultTextMaterialOpaque.uasset" 236
"../../../Engine/Content/EngineMaterials/DefaultVirtualTextureMaterial.uasset" 237
"../../../Engine/Content/EngineMaterials/EditorBrushMaterial.uasset" 238
"../../../Engine/Content/EngineMaterials/DefaultWhiteGrid_Low.uasset" 239
"../../../Engine/Content/EngineMaterials/EmissiveMeshMaterial.uasset" 240
"../../../Engine/Content/EngineMaterials/GizmoMaterial.uasset" 241
"../../../Engine/Content/EngineMaterials/Good64x64TilingNoiseHighFreq.uasset" 242
"../../../Engine/Content/EngineMaterials/Grid_N.uasset" 243
"../../../Engine/Content/EngineMaterials/HairColorMap.uasset" 244
"../../../Engine/Content/EngineMaterials/HairDebugColor.uasset" 245
"../../../Engine/Content/EngineMaterials/HairDebugMaterial.uasset" 246
"../../../Engine/Content/EngineMaterials/HairDefaultMaterial.uasset" 247
"../../../Engine/Content/EngineMaterials/HighResolutionScreenshotMaskFunction.uasset" 248
"../../../Engine/Content/EngineMaterials/HighResScreenshot.uasset" 249
"../../../Engine/Content/EngineMaterials/HighResScreenshotCaptureRegion.uasset" 250
"../../../Engine/Content/EngineMaterials/HighResScreenshotMask.uasset" 251
"../../../Engine/Content/EngineMaterials/LandscapeHolePhysicalMaterial.uasset" 252
"../../../Engine/Content/EngineMaterials/InvalidLightmapSettings.uasset" 253
"../../../Engine/Content/EngineMaterials/M_InvalidLightmapSettings.uasset" 254
"../../../Engine/Content/EngineMaterials/PaperDiffuse.uasset" 255
"../../../Engine/Content/EngineMaterials/PaperNormal.uasset" 256
"../../../Engine/Content/Functions/Engine_MaterialFunctions02/WorldPositionOffset/CameraOffset.uasset" 257
"../../../Engine/Content/EngineMaterials/PhAT_JointLimitMaterial.uasset" 258
"../../../Engine/Content/EngineMaterials/PhysMat_Rubber.uasset" 259
"../../../Engine/Content/EngineMaterials/PreintegratedSkinBRDF.uasset" 260
"../../../Engine/Content/EngineMaterials/RemoveSurfaceMaterial.uasset" 261
"../../../Engine/Content/EngineMaterials/WeightMapPlaceholderTexture.uasset" 262
"../../../Engine/Content/Functions/Engine_MaterialFunctions01/ImageAdjustment/sRGBToLinear.uasset" 263
"../../../Engine/Content/Functions/Engine_MaterialFunctions02/Utility/BreakOutFloat3Components.uasset" 264
"../../../Engine/Content/EngineMaterials/Widget3DCameraPassThrough_Opaque_OneSided.uasset" 265
"../../../Engine/Content/EngineMaterials/Widget3DPassThrough.uasset" 266
"../../../Engine/Content/EngineMaterials/Widget3DPassThrough_Masked.uasset" 267
"../../../Engine/Content/EngineMaterials/Widget3DPassThrough_Opaque.uasset" 268
"../../../Engine/Content/EngineMaterials/Widget3DPassThrough_Masked_OneSided.uasset" 269
"../../../Engine/Content/EngineMaterials/Widget3DPassThrough_Opaque_OneSided.uasset" 270
"../../../Engine/Content/EngineMaterials/Widget3DPassThrough_Translucent.uasset" 271
"../../../Engine/Content/EngineMaterials/Widget3DPassThrough_Translucent_OneSided.uasset" 272
"../../../Engine/Content/EngineMeshes/Cube.uasset" 273
"../../../Engine/Content/EngineMeshes/Cylinder.uasset" 274
"../../../Engine/Content/EngineMeshes/Sphere.uasset" 275
"../../../Engine/Content/EngineResources/AICON-Green.uasset" 276
"../../../Engine/Content/EngineResources/AICON-Red.uasset" 277
"../../../Engine/Content/EngineResources/Black.uasset" 278
"../../../Engine/Content/EngineResources/DefaultTexture.uasset" 279
"../../../Engine/Content/EngineResources/DefaultTextureCube.uasset" 280
"../../../Engine/Content/EngineResources/DefaultVolumeTexture2D.uasset" 281
"../../../Engine/Content/EngineResources/DefaultVolumeTexture.uasset" 282
"../../../Engine/Content/EngineResources/GradientTexture0.uasset" 283
"../../../Engine/Content/EngineResources/StreamingPauseIcon.uasset" 284
"../../../Engine/Content/EngineResources/M_StreamingPause.uasset" 285
"../../../Engine/Content/EngineSounds/Master.uasset" 286
"../../../Engine/Content/Functions/Engine_MaterialFunctions01/Shading/PowerToRoughness.uasset" 287
"../../../Engine/Content/Maps/Templates/Thumbnails/Default.uasset" 288
"../../../Engine/Content/Maps/Templates/Thumbnails/TimeOfDay.uasset" 289
"../../../Engine/Content/Maps/Templates/Thumbnails/VR-Basic.uasset" 290
"../../../Engine/Content/MapTemplates/Sky/DaylightAmbientCubemap.uasset" 291
"../../../Engine/Content/MobileResources/T_MobileControls_texture.uasset" 292
"../../../Engine/Content/MobileResources/T_MobileMenu2.uasset" 293
"../../../Engine/Content/MobileResources/HUD/AnalogHat.uasset" 294
"../../../Engine/Content/MobileResources/HUD/VirtualJoystick_Background.uasset" 295
"../../../Engine/Content/MobileResources/HUD/VirtualJoystick_Thumb.uasset" 296
"../../../Engine/Content/MobileResources/HUD/DefaultVirtualJoysticks.uasset" 297
"../../../Engine/Content/MobileResources/HUD/LeftVirtualJoystickOnly.uasset" 298
"../../../Engine/Content/MobileResources/HUD/MobileHUDButton1_off.uasset" 299
"../../../Engine/Content/MobileResources/HUD/MobileHUDButton1_on.uasset" 300
"../../../Engine/Content/MobileResources/HUD/MobileHUDButton2_off.uasset" 301
"../../../Engine/Content/MobileResources/HUD/MobileHUDButton2_on.uasset" 302
"../../../Engine/Content/MobileResources/HUD/MobileHUDButton3.uasset" 303
"../../../Engine/Content/MobileResources/HUD/MobileHUDButtonFire.uasset" 304
"../../../Engine/Content/MobileResources/HUD/MobileHUDDirectionPad.uasset" 305
"../../../Engine/Content/MobileResources/HUD/MobileHUDDirectionPad2.uasset" 306
"../../../Engine/Content/MobileResources/HUD/MobileHUDDirectionPad3.uasset" 307
"../../../Engine/Content/MobileResources/HUD/MobileHUDDirectionStick.uasset" 308
"../../../Engine/Content/MobileResources/HUD/T_Castle_ThumbstickInner.uasset" 309
"../../../Engine/Content/MobileResources/HUD/T_Castle_ThumbstickOutter.uasset" 310
"../../../Engine/Content/Tutorial/ContentIntroCurve.uasset" 311
"../../../Engine/Content/Tutorial/Basics/LevelEditorAttract.uasset" 312
"../../../Engine/Content/Tutorial/Basics/TutorialAssets/icon_tab_Levels_40x.uasset" 313
"../../../Engine/Content/Tutorial/Basics/LevelEditorOverview.uasset" 314
"../../../Engine/Content/Tutorial/BlueprintTutorials/TutorialAssets/Blueprint_64x.uasset" 315
"../../../Engine/Content/Tutorial/BlueprintTutorials/BlueprintEditorTutorial.uasset" 316
"../../../Engine/Content/Tutorial/BlueprintTutorials/TutorialAssets/BlueprintInterface_64x.uasset" 317
"../../../Engine/Content/Tutorial/BlueprintTutorials/BlueprintInterfacesEditorOverview.uasset" 318
"../../../Engine/Content/Tutorial/BlueprintTutorials/TutorialAssets/Tutorial_BP_Interface.uasset" 319
"../../../Engine/Content/Tutorial/SubEditors/StaticMeshEditorTutorial.uasset" 320
"../../../Engine/Content/VREditor/LaserPointer/VR_LaserPower_01.uasset" 321
"../../../Engine/Content/VREditor/TransformGizmo/TransformGizmoMaterial.uasset" 322
"../../../Engine/Content/VREditor/TransformGizmo/TranslucentTransformGizmoMaterial.uasset" 323
"../../../Engine/Content/VREditor/TransformGizmo/BoundingBoxCorner.uasset" 324
"../../../Engine/Content/VREditor/TransformGizmo/BoundingBoxEdge.uasset" 325
"../../../Engine/Content/VREditor/TransformGizmo/PlaneTranslationHandle.uasset" 326
"../../../Engine/Content/VREditor/TransformGizmo/Main.uasset" 327
"../../../Engine/Content/VREditor/TransformGizmo/Xray.uasset" 328
"../../../Engine/Content/VREditor/TransformGizmo/SM_Sequencer_Key.uasset" 329
"../../../Engine/Content/VREditor/TransformGizmo/SM_Sequencer_Node.uasset" 330
"H:/Unreal4-FirstPersonView/UnrealHorrorGame/Content/Assets/Audio/reflect_spark_02.uasset" 331
"H:/Unreal4-FirstPersonView/UnrealHorrorGame/Content/Assets/Audio/reflect_spark_03.uasset" 332
"H:/Unreal4-FirstPersonView/UnrealHorrorGame/Content/Assets/Audio/reflect_spark_05.uasset" 333
"H:/Unreal4-FirstPersonView/UnrealHorrorGame/Content/Assets/Audio/Ambient/Light_Buzz.uasset" 334
"H:/Unreal4-FirstPersonView/UnrealHorrorGame/Content/Assets/Audio/Arcade/SFX_FlapWing_01.uasset" 335
"H:/Unreal4-FirstPersonView/UnrealHorrorGame/Content/Assets/Audio/Arcade/SFX_FlapWing_02.uasset" 336
"H:/Unreal4-FirstPersonView/UnrealHorrorGame/Content/Assets/Audio/Arcade/SFX_Score_01b.uasset" 337
"H:/Unreal4-FirstPersonView/UnrealHorrorGame/Content/BluePrint/Sounds/Footsteps/sfx_Char_Echo_Foley_Footfall_Land_nl_01.uasset" 338
"H:/Unreal4-FirstPersonView/UnrealHorrorGame/Content/BluePrint/Sounds/Footsteps/sfx_Char_Echo_Foley_Footfall_Land_nl_02.uasset" 339
"H:/Unreal4-FirstPersonView/UnrealHorrorGame/Content/BluePrint/Sounds/Footsteps/sfx_Char_Echo_Foley_Footfall_Land_nl_03.uasset" 340
"H:/Unreal4-FirstPersonView/UnrealHorrorGame/Content/BluePrint/Sounds/Footsteps/sfx_Char_Echo_Foley_Footfall_Land_nl_04.uasset" 341
"H:/Unreal4-FirstPersonView/UnrealHorrorGame/Content/BluePrint/Sounds/Footsteps/sfx_Char_Echo_Foley_Footfall_Land_nl_05.uasset" 342
"H:/Unreal4-FirstPersonView/UnrealHorrorGame/Content/BluePrint/Sounds/Footsteps/sfx_Char_Echo_Foley_Footfall_Land_nl_06.uasset" 343
"H:/Unreal4-FirstPersonView/UnrealHorrorGame/Content/BluePrint/Sounds/Footsteps/sfx_Char_Echo_Foley_Footfall_Land_nl_07.uasset" 344
"H:/Unreal4-FirstPersonView/UnrealHorrorGame/Content/BluePrint/Sounds/Footsteps/sfx_Char_Echo_Foley_Footfall_Land_nl_08.uasset" 345
"H:/Unreal4-FirstPersonView/UnrealHorrorGame/Content/BluePrint/Sounds/Footsteps/sfx_Char_Echo_Foley_FS_Rock_Run_nl_01.uasset" 346
"H:/Unreal4-FirstPersonView/UnrealHorrorGame/Content/BluePrint/Sounds/Footsteps/sfx_Char_Echo_Foley_FS_Rock_Run_nl_02.uasset" 347
"H:/Unreal4-FirstPersonView/UnrealHorrorGame/Content/BluePrint/Sounds/Footsteps/sfx_Char_Echo_Foley_FS_Rock_Run_nl_03.uasset" 348
"H:/Unreal4-FirstPersonView/UnrealHorrorGame/Content/BluePrint/Sounds/Footsteps/sfx_Char_Echo_Foley_FS_Rock_Run_nl_04.uasset" 349
"H:/Unreal4-FirstPersonView/UnrealHorrorGame/Content/BluePrint/Sounds/Footsteps/sfx_Char_Echo_Foley_FS_Rock_Run_nl_05.uasset" 350
"H:/Unreal4-FirstPersonView/UnrealHorrorGame/Content/BluePrint/Sounds/Footsteps/sfx_Char_Echo_Foley_FS_Rock_Run_nl_06.uasset" 351
"H:/Unreal4-FirstPersonView/UnrealHorrorGame/Content/BluePrint/Sounds/Footsteps/sfx_Char_Echo_Foley_FS_Rock_Run_nl_07.uasset" 352
"H:/Unreal4-FirstPersonView/UnrealHorrorGame/Content/BluePrint/Sounds/Footsteps/sfx_Char_Echo_Foley_FS_Rock_Run_nl_08.uasset" 353
"H:/Unreal4-FirstPersonView/UnrealHorrorGame/Content/BluePrint/Sounds/Footsteps/sfx_Char_Echo_Foley_FS_Rock_Run_nl_09.uasset" 354
"H:/Unreal4-FirstPersonView/UnrealHorrorGame/Content/BluePrint/Sounds/Footsteps/sfx_Char_Echo_Foley_FS_Rock_Run_nl_10.uasset" 355
"H:/Unreal4-FirstPersonView/UnrealHorrorGame/Content/BluePrint/Sounds/Footsteps/sfx_Char_Echo_Foley_FS_Rock_Run_nl_11.uasset" 356
"H:/Unreal4-FirstPersonView/UnrealHorrorGame/Content/BluePrint/Sounds/Footsteps/sfx_Char_Echo_Foley_FS_Rock_Run_nl_12.uasset" 357
"H:/Unreal4-FirstPersonView/UnrealHorrorGame/Content/BluePrint/Sounds/Footsteps/sfx_Char_Echo_Foley_FS_Rock_Run_nl_13.uasset" 358
"H:/Unreal4-FirstPersonView/UnrealHorrorGame/Content/BluePrint/Sounds/Footsteps/sfx_Char_Echo_Foley_FS_Rock_Run_nl_14.uasset" 359
"H:/Unreal4-FirstPersonView/UnrealHorrorGame/Content/BluePrint/Sounds/Footsteps/sfx_Char_Echo_Foley_FS_Rock_Run_nl_15.uasset" 360
"H:/Unreal4-FirstPersonView/UnrealHorrorGame/Content/BluePrint/Sounds/Footsteps/sfx_Char_Echo_Foley_FS_Rock_Run_nl_16.uasset" 361
"H:/Unreal4-FirstPersonView/UnrealHorrorGame/Content/BluePrint/Sounds/Footsteps/sfx_Char_Echo_Foley_FS_Rock_Run_nl_17.uasset" 362
"H:/Unreal4-FirstPersonView/UnrealHorrorGame/Content/BluePrint/Sounds/Footsteps/sfx_Char_Echo_Foley_FS_Rock_Run_nl_18.uasset" 363
"../../Plugins/2D/Paper2D/Content/PlaceholderTextures/DummySpriteTexture.uasset" 364
"../../Plugins/2D/Paper2D/Content/DummySprite.uasset" 365
"../../Plugins/2D/Paper2D/Content/DefaultPaperTerrainMaterial.uasset" 366
"../../Plugins/2D/Paper2D/Content/DefaultSpriteMaterial.uasset" 367
"../../Plugins/2D/Paper2D/Content/MaskedUnlitSpriteMaterial.uasset" 368
"../../Plugins/2D/Paper2D/Content/OpaqueUnlitSpriteMaterial.uasset" 369
"../../../Engine/Content/Functions/Engine_MaterialFunctions02/Utility/BreakOutFloat4Components.uasset" 370
"../../Plugins/Runtime/Oculus/OculusVR/Content/Materials/OculusMR_ChromaKey.uasset" 371
"../../Plugins/Runtime/Oculus/OculusVR/Content/Materials/OculusMR_ChromaKey_Lit.uasset" 372
"../../Plugins/Runtime/Oculus/OculusVR/Content/Materials/OculusMR_OpaqueColoredMaterial.uasset" 373
"../../Plugins/Runtime/Oculus/OculusVR/Content/Materials/OculusMR_WhiteMaterial.uasset" 374
"../../../Engine/Content/Maps/Entry_BuiltData.uasset" 375
"../../../Engine/Content/Maps/Entry.umap" 376
"../../../Engine/Content/EngineMeshes/Humanoid.uasset" 377
"H:/Unreal4-FirstPersonView/UnrealHorrorGame/Content/Mannequin/Character/Mesh/UE4_Mannequin_Skeleton.uasset" 378
"H:/Unreal4-FirstPersonView/UnrealHorrorGame/Content/Mannequin/Animations/ThirdPerson_Jump.uasset" 379
"H:/Unreal4-FirstPersonView/UnrealHorrorGame/Content/Mannequin/Animations/ThirdPersonJump_Loop.uasset" 380
"H:/Unreal4-FirstPersonView/UnrealHorrorGame/Content/Mannequin/Animations/ThirdPersonJump_Start.uasset" 381
"H:/Unreal4-FirstPersonView/UnrealHorrorGame/Content/Mannequin/Animations/ThirdPersonIdle.uasset" 382
"H:/Unreal4-FirstPersonView/UnrealHorrorGame/Content/Mannequin/Animations/ThirdPersonRun.uasset" 383
"H:/Unreal4-FirstPersonView/UnrealHorrorGame/Content/Mannequin/Animations/ThirdPersonWalk.uasset" 384
"H:/Unreal4-FirstPersonView/UnrealHorrorGame/Content/Mannequin/Animations/ThirdPerson_IdleRun_2D.uasset" 385
"../../../Engine/Content/EditorBlueprintResources/StandardMacros.uasset" 386
"H:/Unreal4-FirstPersonView/UnrealHorrorGame/Content/Mannequin/Animations/ThirdPerson_AnimBP.uasset" 387
"H:/Unreal4-FirstPersonView/UnrealHorrorGame/Content/Mannequin/Animations/Primary_Attack_A_Medium.uasset" 388
"H:/Unreal4-FirstPersonView/UnrealHorrorGame/Content/Mannequin/Animations/Primary_Attack_A_Medium_Montage.uasset" 389
"H:/Unreal4-FirstPersonView/UnrealHorrorGame/Content/AI/Classic/BB_Classic.uasset" 390
"H:/Unreal4-FirstPersonView/UnrealHorrorGame/Content/AI/Classic/Services/BTS_IsCloseToPlayer.uasset" 391
"H:/Unreal4-FirstPersonView/UnrealHorrorGame/Content/AI/Classic/Tasks/BT_FindPlayerLocation.uasset" 392
"H:/Unreal4-FirstPersonView/UnrealHorrorGame/Content/AI/Classic/BP_RoomTarget.uasset" 393
"H:/Unreal4-FirstPersonView/UnrealHorrorGame/Content/AI/Classic/Tasks/BT_FindRandomRoom.uasset" 394
"H:/Unreal4-FirstPersonView/UnrealHorrorGame/Content/BluePrint/Texture/Inventory/Arrow_Prompt.uasset" 395
"H:/Unreal4-FirstPersonView/UnrealHorrorGame/Content/BluePrint/Texture/Inventory/E_Prompt.uasset" 396
"H:/Unreal4-FirstPersonView/UnrealHorrorGame/Content/BluePrint/UMG/Inventory/W_PickupPrompt.uasset" 397
"H:/Unreal4-FirstPersonView/UnrealHorrorGame/Content/StarterContent/Materials/M_Basic_Wall.uasset" 398
"H:/Unreal4-FirstPersonView/UnrealHorrorGame/Content/StarterContent/Shapes/Shape_Cube.uasset" 399
"H:/Unreal4-FirstPersonView/UnrealHorrorGame/Content/BluePrint/Actors/Inventory/PickupActors/BP_PickupActor_Mater.uasset" 400
"H:/Unreal4-FirstPersonView/UnrealHorrorGame/Content/BluePrint/Structs/S_ItemData.uasset" 401
"H:/Unreal4-FirstPersonView/UnrealHorrorGame/Content/BluePrint/Actors/Inventory/BP_Inventoryitem_Master.uasset" 402
"H:/Unreal4-FirstPersonView/UnrealHorrorGame/Content/BluePrint/Materials/M_DoorKey.uasset" 403
"H:/Unreal4-FirstPersonView/UnrealHorrorGame/Content/BluePrint/Texture/Icon/DoorKey.uasset" 404
"H:/Unreal4-FirstPersonView/UnrealHorrorGame/Content/BluePrint/Actors/Inventory/BP_Examining.uasset" 405
"H:/Unreal4-FirstPersonView/UnrealHorrorGame/Content/Font/CALIBRI.uasset" 406
"H:/Unreal4-FirstPersonView/UnrealHorrorGame/Content/Font/CALIBRIB.uasset" 407
"H:/Unreal4-FirstPersonView/UnrealHorrorGame/Content/Font/CALIBRII.uasset" 408
"H:/Unreal4-FirstPersonView/UnrealHorrorGame/Content/Font/CALIBRIL.uasset" 409
"H:/Unreal4-FirstPersonView/UnrealHorrorGame/Content/Font/CALIBRILI.uasset" 410
"H:/Unreal4-FirstPersonView/UnrealHorrorGame/Content/Font/CALIBRIZ.uasset" 411
"H:/Unreal4-FirstPersonView/UnrealHorrorGame/Content/Font/CALIBRI_Font.uasset" 412
"H:/Unreal4-FirstPersonView/UnrealHorrorGame/Content/BluePrint/RenderTarget/TextureExamRenderTarget2D.uasset" 413
"H:/Unreal4-FirstPersonView/UnrealHorrorGame/Content/BluePrint/Materials/M_Examination.uasset" 414
"H:/Unreal4-FirstPersonView/UnrealHorrorGame/Content/BluePrint/UMG/Inventory/W_Examining.uasset" 415
"H:/Unreal4-FirstPersonView/UnrealHorrorGame/Content/BluePrint/Texture/Inventory/Separator.uasset" 416
"H:/Unreal4-FirstPersonView/UnrealHorrorGame/Content/BluePrint/Texture/Inventory/BackgroundHovered.uasset" 417
"H:/Unreal4-FirstPersonView/UnrealHorrorGame/Content/BluePrint/Texture/Inventory/BackgroundNormal.uasset" 418
"H:/Unreal4-FirstPersonView/UnrealHorrorGame/Content/BluePrint/Texture/Inventory/BackgroundPressed.uasset" 419
"H:/Unreal4-FirstPersonView/UnrealHorrorGame/Content/BluePrint/Texture/Inventory/EmptyIcon.uasset" 420
"H:/Unreal4-FirstPersonView/UnrealHorrorGame/Content/BluePrint/UMG/Inventory/W_Inventory_Slot.uasset" 421
"H:/Unreal4-FirstPersonView/UnrealHorrorGame/Content/BluePrint/Texture/Inventory/DropDownButton.uasset" 422
"H:/Unreal4-FirstPersonView/UnrealHorrorGame/Content/BluePrint/Texture/Inventory/DropDownButtonHovered.uasset" 423
"H:/Unreal4-FirstPersonView/UnrealHorrorGame/Content/BluePrint/UMG/Inventory/W_Inventory_DropDown.uasset" 424
"H:/Unreal4-FirstPersonView/UnrealHorrorGame/Content/BluePrint/UMG/Inventory/W_Inventory_Menu.uasset" 425
"H:/Unreal4-FirstPersonView/UnrealHorrorGame/Content/BluePrint/UMG/Option/W_Option_Menu.uasset" 426
"H:/Unreal4-FirstPersonView/UnrealHorrorGame/Content/BluePrint/BluePrintComponent/BPC_Flashlight.uasset" 427
"H:/Unreal4-FirstPersonView/UnrealHorrorGame/Content/BluePrint/Materials/MPC_BloodScreen.uasset" 428
"H:/Unreal4-FirstPersonView/UnrealHorrorGame/Content/BluePrint/BluePrintComponent/BPC_Health.uasset" 429
"H:/Unreal4-FirstPersonView/UnrealHorrorGame/Content/BluePrint/BluePrintComponent/BPC_Movement.uasset" 430
"H:/Unreal4-FirstPersonView/UnrealHorrorGame/Content/BluePrint/Texture/Inventory/BatteryIcon-01.uasset" 431
"H:/Unreal4-FirstPersonView/UnrealHorrorGame/Content/BluePrint/Texture/Inventory/HeartIcon-01.uasset" 432
"H:/Unreal4-FirstPersonView/UnrealHorrorGame/Content/BluePrint/Texture/Inventory/HUDProgressBarEmpty.uasset" 433
"H:/Unreal4-FirstPersonView/UnrealHorrorGame/Content/BluePrint/Texture/Inventory/HUDProgressBarFull.uasset" 434
"H:/Unreal4-FirstPersonView/UnrealHorrorGame/Content/BluePrint/Texture/Inventory/StaminaIcon-01.uasset" 435
"H:/Unreal4-FirstPersonView/UnrealHorrorGame/Content/BluePrint/UMG/W_PrograssBar.uasset" 436
"H:/Unreal4-FirstPersonView/UnrealHorrorGame/Content/BluePrint/Texture/Crosshair.uasset" 437
"H:/Unreal4-FirstPersonView/UnrealHorrorGame/Content/BluePrint/UMG/W_CrossHair.uasset" 438
"H:/Unreal4-FirstPersonView/UnrealHorrorGame/Content/BluePrint/UMG/W_Objectives.uasset" 439
"H:/Unreal4-FirstPersonView/UnrealHorrorGame/Content/BluePrint/UMG/W_MainHudRef.uasset" 440
"H:/Unreal4-FirstPersonView/UnrealHorrorGame/Content/BluePrint/GameBP/HG_PlayerController.uasset" 441
"H:/Unreal4-FirstPersonView/UnrealHorrorGame/Content/BluePrint/UMG/Inventory/W_Inventroy_Grid.uasset" 442
"H:/Unreal4-FirstPersonView/UnrealHorrorGame/Content/BluePrint/Structs/S_InventoryItems.uasset" 443
"H:/Unreal4-FirstPersonView/UnrealHorrorGame/Content/BluePrint/BluePrintComponent/BPC_Inventory.uasset" 444
"H:/Unreal4-FirstPersonView/UnrealHorrorGame/Content/BluePrint/CameraShakes/CS_HeadBob_Run.uasset" 445
"H:/Unreal4-FirstPersonView/UnrealHorrorGame/Content/BluePrint/CameraShakes/CS_HeadBob_Walk.uasset" 446
"H:/Unreal4-FirstPersonView/UnrealHorrorGame/Content/BluePrint/Interfaces/BPI_ObjectiveCall.uasset" 447
"H:/Unreal4-FirstPersonView/UnrealHorrorGame/Content/BluePrint/Structs/S_ObjectiveData.uasset" 448
"H:/Unreal4-FirstPersonView/UnrealHorrorGame/Content/BluePrint/GameBP/Level_1/L1_GameState.uasset" 449
"H:/Unreal4-FirstPersonView/UnrealHorrorGame/Content/BluePrint/Interfaces/BPI_Grab.uasset" 450
"H:/Unreal4-FirstPersonView/UnrealHorrorGame/Content/BluePrint/Interfaces/BPI_Interection.uasset" 451
"H:/Unreal4-FirstPersonView/UnrealHorrorGame/Content/BluePrint/Sounds/Footsteps/GrassFootStep_Cue.uasset" 452
"H:/Unreal4-FirstPersonView/UnrealHorrorGame/Content/BluePrint/Sounds/Footsteps/TileFootStep_CUE.uasset" 453
"H:/Unreal4-FirstPersonView/UnrealHorrorGame/Content/BluePrint/Sounds/Taking-Note-Sound-Effect.uasset" 454
"H:/Unreal4-FirstPersonView/UnrealHorrorGame/Content/BluePrint/Sounds/QuestSucess.uasset" 455
"H:/Unreal4-FirstPersonView/UnrealHorrorGame/Content/BluePrint/Texture/CameraBox.uasset" 456
"H:/Unreal4-FirstPersonView/UnrealHorrorGame/Content/BluePrint/Texture/CameraRecordDot-01.uasset" 457
"H:/Unreal4-FirstPersonView/UnrealHorrorGame/Content/BluePrint/UMG/W_Camera.uasset" 458
"H:/Unreal4-FirstPersonView/UnrealHorrorGame/Content/LightProfilePack/Lighting/Profiles/Capped2.uasset" 459
"H:/Unreal4-FirstPersonView/UnrealHorrorGame/Content/StarterContent/Shapes/Shape_NarrowCapsule.uasset" 460
"H:/Unreal4-FirstPersonView/UnrealHorrorGame/Content/BluePrint/GameBP/Level_1/L1_Character.uasset" 461
"H:/Unreal4-FirstPersonView/UnrealHorrorGame/Content/AI/Classic/Tasks/BT_KillPlayer.uasset" 462
"H:/Unreal4-FirstPersonView/UnrealHorrorGame/Content/AI/Classic/Tasks/BT_LastPlayerLocation.uasset" 463
"H:/Unreal4-FirstPersonView/UnrealHorrorGame/Content/BluePrint/Sounds/HitSound.uasset" 464
"H:/Unreal4-FirstPersonView/UnrealHorrorGame/Content/BluePrint/Sounds/jump-scare.uasset" 465
"H:/Unreal4-FirstPersonView/UnrealHorrorGame/Content/BluePrint/Sounds/JumpSqure_Sound.uasset" 466
"H:/Unreal4-FirstPersonView/UnrealHorrorGame/Content/AI/Classic/Tasks/BT_PlayJumpScareAuido.uasset" 467
"H:/Unreal4-FirstPersonView/UnrealHorrorGame/Content/AI/Classic/Tasks/BT_PullOutOfHiding.uasset" 468
"H:/Unreal4-FirstPersonView/UnrealHorrorGame/Content/AI/Classic/Tasks/BT_RotateAI.uasset" 469
"H:/Unreal4-FirstPersonView/UnrealHorrorGame/Content/AI/Classic/Tasks/BT_SearchForPlayer.uasset" 470
"H:/Unreal4-FirstPersonView/UnrealHorrorGame/Content/AI/Classic/Tasks/BT_SetSpeed.uasset" 471
"H:/Unreal4-FirstPersonView/UnrealHorrorGame/Content/AI/Classic/Tasks/BT_SetsPursue.uasset" 472
"H:/Unreal4-FirstPersonView/UnrealHorrorGame/Content/AI/Classic/BT_Classic.uasset" 473
"H:/Unreal4-FirstPersonView/UnrealHorrorGame/Content/BluePrint/Interfaces/BPI_PlayerHiding.uasset" 474
"H:/Unreal4-FirstPersonView/UnrealHorrorGame/Content/BluePrint/Actors/HideActor/BP_HideActor.uasset" 475
"H:/Unreal4-FirstPersonView/UnrealHorrorGame/Content/AI/Classic/AIC_Classic.uasset" 476
"H:/Unreal4-FirstPersonView/UnrealHorrorGame/Content/BluePrint/UMG/W_Gameover.uasset" 477
"../../../Engine/Content/Functions/Engine_MaterialFunctions02/Utility/BlendAngleCorrectedNormals.uasset" 478
"../../../Engine/Content/Functions/MaterialLayerFunctions/MatLayerBlend_NormalBlend.uasset" 479
"../../../Engine/Content/Functions/MaterialLayerFunctions/MatLayerBlend_Simple.uasset" 480
"H:/Unreal4-FirstPersonView/UnrealHorrorGame/Content/Mannequin/Character/Materials/MaterialLayers/T_ML_Rubber_Blue_01_D.uasset" 481
"H:/Unreal4-FirstPersonView/UnrealHorrorGame/Content/Mannequin/Character/Materials/MaterialLayers/T_ML_Rubber_Blue_01_N.uasset" 482
"H:/Unreal4-FirstPersonView/UnrealHorrorGame/Content/Mannequin/Character/Materials/MaterialLayers/ML_GlossyBlack_Latex_UE4.uasset" 483
"H:/Unreal4-FirstPersonView/UnrealHorrorGame/Content/Mannequin/Character/Materials/MaterialLayers/ML_Plastic_Shiny_Beige.uasset" 484
"H:/Unreal4-FirstPersonView/UnrealHorrorGame/Content/Mannequin/Character/Textures/UE4_LOGO_CARD.uasset" 485
"H:/Unreal4-FirstPersonView/UnrealHorrorGame/Content/Mannequin/Character/Materials/MaterialLayers/ML_Plastic_Shiny_Beige_LOGO.uasset" 486
"H:/Unreal4-FirstPersonView/UnrealHorrorGame/Content/Mannequin/Character/Materials/MaterialLayers/T_ML_Aluminum01.uasset" 487
"H:/Unreal4-FirstPersonView/UnrealHorrorGame/Content/Mannequin/Character/Materials/MaterialLayers/T_ML_Aluminum01_N.uasset" 488
"H:/Unreal4-FirstPersonView/UnrealHorrorGame/Content/Mannequin/Character/Materials/MaterialLayers/ML_SoftMetal_UE4.uasset" 489
"H:/Unreal4-FirstPersonView/UnrealHorrorGame/Content/Mannequin/Character/Textures/UE4_Mannequin__normals.uasset" 490
"H:/Unreal4-FirstPersonView/UnrealHorrorGame/Content/Mannequin/Character/Textures/UE4_Mannequin_MAT_MASKA.uasset" 491
"H:/Unreal4-FirstPersonView/UnrealHorrorGame/Content/Mannequin/Character/Materials/M_UE4Man_Body.uasset" 492
"H:/Unreal4-FirstPersonView/UnrealHorrorGame/Content/Mannequin/Character/Textures/UE4Man_Logo_N.uasset" 493
"H:/Unreal4-FirstPersonView/UnrealHorrorGame/Content/Mannequin/Character/Materials/M_UE4Man_ChestLogo.uasset" 494
"H:/Unreal4-FirstPersonView/UnrealHorrorGame/Content/Mannequin/Character/Mesh/SK_Mannequin_PhysicsAsset.uasset" 495
"H:/Unreal4-FirstPersonView/UnrealHorrorGame/Content/Mannequin/Character/Mesh/SK_Mannequin.uasset" 496
"H:/Unreal4-FirstPersonView/UnrealHorrorGame/Content/AI/Classic/AI_Classic.uasset" 497
"H:/Unreal4-FirstPersonView/UnrealHorrorGame/Content/AI/HeadFollowAI/ABP_HeadFollow.uasset" 498
"H:/Unreal4-FirstPersonView/UnrealHorrorGame/Content/AI/HeadFollowAI/AI_HeadFollow.uasset" 499
"H:/Unreal4-FirstPersonView/UnrealHorrorGame/Content/Props/Meshs/Lock_Skeleton.uasset" 500
"H:/Unreal4-FirstPersonView/UnrealHorrorGame/Content/Props/Animations/LockOpen.uasset" 501
"H:/Unreal4-FirstPersonView/UnrealHorrorGame/Content/BluePrint/Texture/Arrow.uasset" 502
"H:/Unreal4-FirstPersonView/UnrealHorrorGame/Content/BluePrint/UMG/W_Arrow.uasset" 503
"H:/Unreal4-FirstPersonView/UnrealHorrorGame/Content/Props/Textures/DialBaseColor.uasset" 504
"H:/Unreal4-FirstPersonView/UnrealHorrorGame/Content/Props/Material/Material_005.uasset" 505
"H:/Unreal4-FirstPersonView/UnrealHorrorGame/Content/Props/Meshs/LockDial.uasset" 506
"H:/Unreal4-FirstPersonView/UnrealHorrorGame/Content/BluePrint/Actors/BP_LockDial.uasset" 507
"H:/Unreal4-FirstPersonView/UnrealHorrorGame/Content/BluePrint/Interfaces/BPI_LockAfterActive.uasset" 508
"H:/Unreal4-FirstPersonView/UnrealHorrorGame/Content/Props/Material/M_LockBody.uasset" 509
"H:/Unreal4-FirstPersonView/UnrealHorrorGame/Content/Props/Material/M_LockMetal.uasset" 510
"H:/Unreal4-FirstPersonView/UnrealHorrorGame/Content/Props/Meshs/Lock.uasset" 511
"H:/Unreal4-FirstPersonView/UnrealHorrorGame/Content/BluePrint/Actors/BP_Lock.uasset" 512
"H:/Unreal4-FirstPersonView/UnrealHorrorGame/Content/Props/Material/M_Locker.uasset" 513
"H:/Unreal4-FirstPersonView/UnrealHorrorGame/Content/Props/Meshs/Locker.uasset" 514
"H:/Unreal4-FirstPersonView/UnrealHorrorGame/Content/StarterContent/Textures/T_MacroVariation.uasset" 515
"H:/Unreal4-FirstPersonView/UnrealHorrorGame/Content/StarterContent/Textures/T_Metal_Steel_D.uasset" 516
"H:/Unreal4-FirstPersonView/UnrealHorrorGame/Content/StarterContent/Textures/T_Metal_Steel_N.uasset" 517
"H:/Unreal4-FirstPersonView/UnrealHorrorGame/Content/StarterContent/Materials/M_Metal_Steel.uasset" 518
"H:/Unreal4-FirstPersonView/UnrealHorrorGame/Content/Props/Meshs/LockerDoor.uasset" 519
"H:/Unreal4-FirstPersonView/UnrealHorrorGame/Content/BluePrint/Actors/HideActor/BP_HideActor_Locker.uasset" 520
"H:/Unreal4-FirstPersonView/UnrealHorrorGame/Content/BluePrint/JumpScars/BP_DoorWayJumpScare.uasset" 521
"H:/Unreal4-FirstPersonView/UnrealHorrorGame/Content/Assets/Materials/M_Emissive.uasset" 522
"H:/Unreal4-FirstPersonView/UnrealHorrorGame/Content/Assets/Materials/M_Emissive_Flicker.uasset" 523
"H:/Unreal4-FirstPersonView/UnrealHorrorGame/Content/Assets/Audio/Ambient/Light_Buzz_Cue.uasset" 524
"H:/Unreal4-FirstPersonView/UnrealHorrorGame/Content/Assets/Audio/Reflections_Spark_Cue.uasset" 525
"../../../Engine/Content/Functions/Engine_MaterialFunctions01/Gradient/LinearGradient.uasset" 526
"../../../Engine/Content/Functions/Engine_MaterialFunctions01/Gradient/DiamondGradient.uasset" 527
"../../../Engine/Content/Functions/Engine_MaterialFunctions01/Gradient/RadialGradient.uasset" 528
"H:/Unreal4-FirstPersonView/UnrealHorrorGame/Content/Assets/Effects/Textures/Flares/T_FlareRound_Noise.uasset" 529
"H:/Unreal4-FirstPersonView/UnrealHorrorGame/Content/Assets/Effects/Materials/Flares/M_FlareRound.uasset" 530
"H:/Unreal4-FirstPersonView/UnrealHorrorGame/Content/Assets/Effects/Textures/Noise/T_TilingNoise03.uasset" 531
"H:/Unreal4-FirstPersonView/UnrealHorrorGame/Content/Assets/Effects/Textures/Smoke/T_SmokeSubUV_8X8_02.uasset" 532
"H:/Unreal4-FirstPersonView/UnrealHorrorGame/Content/Assets/Effects/Textures/Smoke/T_TilingClouds_01.uasset" 533
"H:/Unreal4-FirstPersonView/UnrealHorrorGame/Content/Assets/Effects/Materials/Snow/M_Snow_Blowing_Lit.uasset" 534
"H:/Unreal4-FirstPersonView/UnrealHorrorGame/Content/Assets/Effects/Textures/Snow/T_Snow01_Packed.uasset" 535
"H:/Unreal4-FirstPersonView/UnrealHorrorGame/Content/Assets/Effects/Materials/Sparks/M_Spark_VelocityLerp.uasset" 536
"H:/Unreal4-FirstPersonView/UnrealHorrorGame/Content/Assets/Effects/Particles/Spark/P_SparkBurst.uasset" 537
"../../../Engine/Content/Functions/MaterialLayerFunctions/MatLayerBlend_AO.uasset" 538
"../../../Engine/Content/Functions/MaterialLayerFunctions/MatLayerBlend_BakedNormal.uasset" 539
"../../../Engine/Content/Functions/MaterialLayerFunctions/MatLayerBlend_Stain.uasset" 540
"../../../Engine/Content/Functions/MaterialLayerFunctions/MatLayerBlend_Standard.uasset" 541
"H:/Unreal4-FirstPersonView/UnrealHorrorGame/Content/Assets/Textures/T_Grime_D.uasset" 542
"H:/Unreal4-FirstPersonView/UnrealHorrorGame/Content/Assets/Textures/T_Grime_N.uasset" 543
"H:/Unreal4-FirstPersonView/UnrealHorrorGame/Content/Assets/Material_Layers/ML_Grime01.uasset" 544
"H:/Unreal4-FirstPersonView/UnrealHorrorGame/Content/Assets/Textures/T_Base_Metal_Light_D.uasset" 545
"H:/Unreal4-FirstPersonView/UnrealHorrorGame/Content/Assets/Textures/T_Base_Metal_Light_N.uasset" 546
"H:/Unreal4-FirstPersonView/UnrealHorrorGame/Content/Assets/Material_Layers/ML_Metal_Base_01.uasset" 547
"H:/Unreal4-FirstPersonView/UnrealHorrorGame/Content/Assets/Textures/T_Metal_Painted01_D.uasset" 548
"H:/Unreal4-FirstPersonView/UnrealHorrorGame/Content/Assets/Textures/T_Metal_Painted01_N.uasset" 549
"H:/Unreal4-FirstPersonView/UnrealHorrorGame/Content/Assets/Material_Layers/ML_Metal_Painted_01_Dull.uasset" 550
"H:/Unreal4-FirstPersonView/UnrealHorrorGame/Content/Assets/Textures/T_Rust_D.uasset" 551
"H:/Unreal4-FirstPersonView/UnrealHorrorGame/Content/Assets/Textures/T_Rust_N.uasset" 552
"H:/Unreal4-FirstPersonView/UnrealHorrorGame/Content/Assets/Material_Layers/ML_Rust.uasset" 553
"H:/Unreal4-FirstPersonView/UnrealHorrorGame/Content/Assets/Materials/MatLayer_FeatureLevelSwithc.uasset" 554
"H:/Unreal4-FirstPersonView/UnrealHorrorGame/Content/Assets/Textures/T_Light_Fluorescent_M.uasset" 555
"H:/Unreal4-FirstPersonView/UnrealHorrorGame/Content/Assets/Textures/T_Light_Fluorescent_N.uasset" 556
"H:/Unreal4-FirstPersonView/UnrealHorrorGame/Content/Assets/Materials/M_Light_Flourescent.uasset" 557
"H:/Unreal4-FirstPersonView/UnrealHorrorGame/Content/Assets/Materials/M_Rubber.uasset" 558
"H:/Unreal4-FirstPersonView/UnrealHorrorGame/Content/Assets/Materials/Emissive.uasset" 559
"H:/Unreal4-FirstPersonView/UnrealHorrorGame/Content/Assets/Materials/Emissive_Inst2.uasset" 560
"H:/Unreal4-FirstPersonView/UnrealHorrorGame/Content/Assets/Mesh/SM_Light_Fluorescent_Hanging_02.uasset" 561
"H:/Unreal4-FirstPersonView/UnrealHorrorGame/Content/Assets/Blueprints/BP_LightBuzzSoundControl.uasset" 562
"H:/Unreal4-FirstPersonView/UnrealHorrorGame/Content/Assets/Textures/T_Arcade_Background.uasset" 563
"H:/Unreal4-FirstPersonView/UnrealHorrorGame/Content/Assets/Textures/T_Arcade_Chicken.uasset" 564
"H:/Unreal4-FirstPersonView/UnrealHorrorGame/Content/Assets/Textures/T_Arcade_Chicken_3.uasset" 565
"H:/Unreal4-FirstPersonView/UnrealHorrorGame/Content/Assets/Textures/T_Arcade_Screen_M.uasset" 566
"H:/Unreal4-FirstPersonView/UnrealHorrorGame/Content/Assets/Textures/T_Arcade_Title.uasset" 567
"H:/Unreal4-FirstPersonView/UnrealHorrorGame/Content/Assets/Textures/T_Arcade_Trees.uasset" 568
"H:/Unreal4-FirstPersonView/UnrealHorrorGame/Content/Assets/Textures/T_ArcadeCabinet_R.uasset" 569
"H:/Unreal4-FirstPersonView/UnrealHorrorGame/Content/Assets/Materials/M_Arcade_Screen_1player.uasset" 570
"H:/Unreal4-FirstPersonView/UnrealHorrorGame/Content/Assets/Audio/Arcade/SFX_FlapWing_Cue.uasset" 571
"H:/Unreal4-FirstPersonView/UnrealHorrorGame/Content/Assets/Audio/Arcade/SFX_Score_01_Cue.uasset" 572
"H:/Unreal4-FirstPersonView/UnrealHorrorGame/Content/Assets/Textures/T_ArcadeCabinet_D.uasset" 573
"H:/Unreal4-FirstPersonView/UnrealHorrorGame/Content/Assets/Textures/T_ArcadeCabinet_M.uasset" 574
"H:/Unreal4-FirstPersonView/UnrealHorrorGame/Content/Assets/Textures/T_ArcadeCabinet_N.uasset" 575
"H:/Unreal4-FirstPersonView/UnrealHorrorGame/Content/Assets/Materials/SM_Arcade.uasset" 576
"H:/Unreal4-FirstPersonView/UnrealHorrorGame/Content/Assets/Materials/M_Arcade_Screen_2player_Inst.uasset" 577
"H:/Unreal4-FirstPersonView/UnrealHorrorGame/Content/Assets/Mesh/SM_ArcadeCabinet_02.uasset" 578
"H:/Unreal4-FirstPersonView/UnrealHorrorGame/Content/Assets/Mesh/SM_ArcadeCabinet_Button.uasset" 579
"H:/Unreal4-FirstPersonView/UnrealHorrorGame/Content/Assets/Textures/T_Arcade_Chicken_2.uasset" 580
"H:/Unreal4-FirstPersonView/UnrealHorrorGame/Content/Assets/Textures/T_Arcade_Chicken_4.uasset" 581
"H:/Unreal4-FirstPersonView/UnrealHorrorGame/Content/Assets/Textures/T_Arcade_Trees_Tiling.uasset" 582
"H:/Unreal4-FirstPersonView/UnrealHorrorGame/Content/Assets/Blueprints/BP_Arcade_Animated.uasset" 583
"../../../Engine/Content/BasicShapes/BasicShapeMaterial.uasset" 584
"../../../Engine/Content/BasicShapes/Cube.uasset" 585
"H:/Unreal4-FirstPersonView/UnrealHorrorGame/Content/BluePrint/Actors/Intereraction/BP_Interaction.uasset" 586
"H:/Unreal4-FirstPersonView/UnrealHorrorGame/Content/StarterContent/Textures/T_Frame_M.uasset" 587
"H:/Unreal4-FirstPersonView/UnrealHorrorGame/Content/StarterContent/Textures/T_Frame_N.uasset" 588
"H:/Unreal4-FirstPersonView/UnrealHorrorGame/Content/StarterContent/Props/Materials/M_Frame.uasset" 589
"H:/Unreal4-FirstPersonView/UnrealHorrorGame/Content/StarterContent/Materials/M_Glass.uasset" 590
"H:/Unreal4-FirstPersonView/UnrealHorrorGame/Content/StarterContent/Textures/T_Door_M.uasset" 591
"H:/Unreal4-FirstPersonView/UnrealHorrorGame/Content/StarterContent/Textures/T_Door_N.uasset" 592
"H:/Unreal4-FirstPersonView/UnrealHorrorGame/Content/StarterContent/Props/Materials/M_Door.uasset" 593
"H:/Unreal4-FirstPersonView/UnrealHorrorGame/Content/StarterContent/Props/SM_Door.uasset" 594
"H:/Unreal4-FirstPersonView/UnrealHorrorGame/Content/StarterContent/Props/SM_DoorFrame.uasset" 595
"H:/Unreal4-FirstPersonView/UnrealHorrorGame/Content/BluePrint/Actors/Intereraction/BP_Interaction_Door_InteractLock.uasset" 596
"H:/Unreal4-FirstPersonView/UnrealHorrorGame/Content/BluePrint/Actors/Intereraction/BP_Interaction_OutWards.uasset" 597
"H:/Unreal4-FirstPersonView/UnrealHorrorGame/Content/BluePrint/Actors/Inventory/BP_Inventory_Backpack.uasset" 598
"H:/Unreal4-FirstPersonView/UnrealHorrorGame/Content/Props/Textures/BandageBaseColor-01.uasset" 599
"H:/Unreal4-FirstPersonView/UnrealHorrorGame/Content/Props/Material/M_Bandage.uasset" 600
"H:/Unreal4-FirstPersonView/UnrealHorrorGame/Content/Props/Meshs/Bandage.uasset" 601
"H:/Unreal4-FirstPersonView/UnrealHorrorGame/Content/Props/Textures/BandageIcon.uasset" 602
"H:/Unreal4-FirstPersonView/UnrealHorrorGame/Content/BluePrint/Actors/Inventory/BP_Inventoryitem_Master_Bandage.uasset" 603
"H:/Unreal4-FirstPersonView/UnrealHorrorGame/Content/BluePrint/Actors/Inventory/PickupActors/BP_PickupActor_Bandage_Master.uasset" 604
"H:/Unreal4-FirstPersonView/UnrealHorrorGame/Content/BluePrint/Texture/Icon/BatteryIcon.uasset" 605
"H:/Unreal4-FirstPersonView/UnrealHorrorGame/Content/Props/Material/BatteryTex.uasset" 606
"H:/Unreal4-FirstPersonView/UnrealHorrorGame/Content/Props/Material/Metal.uasset" 607
"H:/Unreal4-FirstPersonView/UnrealHorrorGame/Content/Props/Meshs/Battery.uasset" 608
"H:/Unreal4-FirstPersonView/UnrealHorrorGame/Content/BluePrint/Actors/Inventory/BP_Inventoryitem_Master_FlashlightBattery.uasset" 609
"H:/Unreal4-FirstPersonView/UnrealHorrorGame/Content/BluePrint/Sounds/Battery-Picking-Sound-Effect.uasset" 610
"H:/Unreal4-FirstPersonView/UnrealHorrorGame/Content/BluePrint/Sounds/SQ_BatteryPicking.uasset" 611
"H:/Unreal4-FirstPersonView/UnrealHorrorGame/Content/BluePrint/Actors/Inventory/PickupActors/BP_PickupActor_Flashlight_MaSTER.uasset" 612
"H:/Unreal4-FirstPersonView/UnrealHorrorGame/Content/Font/CALIBRI_Font_DistanceField.uasset" 613
"H:/Unreal4-FirstPersonView/UnrealHorrorGame/Content/Font/M_CalibriFont.uasset" 614
"H:/Unreal4-FirstPersonView/UnrealHorrorGame/Content/Props/Material/M_Paper.uasset" 615
"H:/Unreal4-FirstPersonView/UnrealHorrorGame/Content/Props/Meshs/Paper.uasset" 616
"H:/Unreal4-FirstPersonView/UnrealHorrorGame/Content/BluePrint/Actors/Notes/BP_NoteExamining.uasset" 617
"H:/Unreal4-FirstPersonView/UnrealHorrorGame/Content/BluePrint/RenderTarget/TextureNoteRenderTarget2D.uasset" 618
"H:/Unreal4-FirstPersonView/UnrealHorrorGame/Content/BluePrint/Materials/M_NoteExamination.uasset" 619
"H:/Unreal4-FirstPersonView/UnrealHorrorGame/Content/BluePrint/UMG/W_NoteExamining.uasset" 620
"H:/Unreal4-FirstPersonView/UnrealHorrorGame/Content/BluePrint/Actors/Notes/BP_Note_Master.uasset" 621
"H:/Unreal4-FirstPersonView/UnrealHorrorGame/Content/BluePrint/Actors/Notes/BP_Note_Warnning.uasset" 622
"H:/Unreal4-FirstPersonView/UnrealHorrorGame/Content/Assets/Textures/T_WaterTextures_M.uasset" 623
"H:/Unreal4-FirstPersonView/UnrealHorrorGame/Content/Assets/Materials/M_Poster_Trim.uasset" 624
"H:/Unreal4-FirstPersonView/UnrealHorrorGame/Content/Assets/Textures/T_Environment_Materials_Wet_TilingFlow02_N.uasset" 625
"H:/Unreal4-FirstPersonView/UnrealHorrorGame/Content/Assets/Textures/T_Hallway_Signs_D4.uasset" 626
"H:/Unreal4-FirstPersonView/UnrealHorrorGame/Content/Assets/Materials/M_Signs.uasset" 627
"H:/Unreal4-FirstPersonView/UnrealHorrorGame/Content/Assets/Materials/M_Signs_Inst.uasset" 628
"H:/Unreal4-FirstPersonView/UnrealHorrorGame/Content/Assets/Mesh/SM_Hallway_Poster02.uasset" 629
"H:/Unreal4-FirstPersonView/UnrealHorrorGame/Content/BluePrint/Actors/Object/BP_Interact_Object_Master.uasset" 630
"H:/Unreal4-FirstPersonView/UnrealHorrorGame/Content/Sequences/LS_EnemyJumScare_1.uasset" 631
"H:/Unreal4-FirstPersonView/UnrealHorrorGame/Content/Assets/Mesh/SM_Hallway_Poster01.uasset" 632
"H:/Unreal4-FirstPersonView/UnrealHorrorGame/Content/BluePrint/Actors/Object/BP_Interact_Object_Photo.uasset" 633
"H:/Unreal4-FirstPersonView/UnrealHorrorGame/Content/BluePrint/Actors/SecurityCameras/BP_SecurityCamera.uasset" 634
"H:/Unreal4-FirstPersonView/UnrealHorrorGame/Content/BluePrint/Actors/SecurityCameras/BP_CameraController.uasset" 635
"H:/Unreal4-FirstPersonView/UnrealHorrorGame/Content/BluePrint/GameBP/Level_1/L1_HUD.uasset" 636
"H:/Unreal4-FirstPersonView/UnrealHorrorGame/Content/BluePrint/GameBP/Level_1/L1_PlayerState.uasset" 637
"H:/Unreal4-FirstPersonView/UnrealHorrorGame/Content/BluePrint/GameBP/Level_1/L1_GameMode.uasset" 638
"H:/Unreal4-FirstPersonView/UnrealHorrorGame/Content/Maps/HorrorLevel_BuiltData.uasset" 639
"H:/Unreal4-FirstPersonView/UnrealHorrorGame/Content/Assets/Material_Layers/MF_BlendAlpha_Vertex.uasset" 640
"H:/Unreal4-FirstPersonView/UnrealHorrorGame/Content/Assets/Textures/T_Concrete_Wall01_D.uasset" 641
"H:/Unreal4-FirstPersonView/UnrealHorrorGame/Content/Assets/Textures/T_Concrete_Wall01_N.uasset" 642
"H:/Unreal4-FirstPersonView/UnrealHorrorGame/Content/Assets/Material_Layers/ML_Concrete_Wall01.uasset" 643
"H:/Unreal4-FirstPersonView/UnrealHorrorGame/Content/Assets/Textures/T_Plaster02_D.uasset" 644
"H:/Unreal4-FirstPersonView/UnrealHorrorGame/Content/Assets/Textures/T_Plaster02_N.uasset" 645
"H:/Unreal4-FirstPersonView/UnrealHorrorGame/Content/Assets/Material_Layers/ML_Plaster02.uasset" 646
"H:/Unreal4-FirstPersonView/UnrealHorrorGame/Content/Assets/Materials/M_Ceiling_Mesh_Paint.uasset" 647
"H:/Unreal4-FirstPersonView/UnrealHorrorGame/Content/Assets/Materials/M_Ceiling_Mesh_Paint_Inst.uasset" 648
"H:/Unreal4-FirstPersonView/UnrealHorrorGame/Content/BluePrint/Materials/M_LightFlicker.uasset" 649
"H:/Unreal4-FirstPersonView/UnrealHorrorGame/Content/BluePrint/Materials/MI_LightFlicker_Inst.uasset" 650
"H:/Unreal4-FirstPersonView/UnrealHorrorGame/Content/Assets/Audio/Ambient/Amb_IntRoomtone_Cue.uasset" 651
"H:/Unreal4-FirstPersonView/UnrealHorrorGame/Content/Assets/Audio/Ambient/Amb_IntRoomtone03Loop.uasset" 652
"H:/Unreal4-FirstPersonView/UnrealHorrorGame/Content/Assets/Audio/Ambient/Subway_Pass02.uasset" 653
"H:/Unreal4-FirstPersonView/UnrealHorrorGame/Content/BluePrint/Sounds/Stinger-13-Sound-Effect.uasset" 654
"H:/Unreal4-FirstPersonView/UnrealHorrorGame/Content/Assets/Audio/Ambient/Amb_IntRoomtone_Cue2.uasset" 655
"H:/Unreal4-FirstPersonView/UnrealHorrorGame/Content/Assets/Material_Layers/MF_GroundWetness.uasset" 656
"H:/Unreal4-FirstPersonView/UnrealHorrorGame/Content/Assets/Textures/T_Floor_Tiles_D.uasset" 657
"H:/Unreal4-FirstPersonView/UnrealHorrorGame/Content/Assets/Textures/T_Floor_Tiles_N.uasset" 658
"H:/Unreal4-FirstPersonView/UnrealHorrorGame/Content/Assets/Material_Layers/ML_Floor_Tile.uasset" 659
"H:/Unreal4-FirstPersonView/UnrealHorrorGame/Content/Assets/Materials/M_Floor_Water_Mesh_Paint.uasset" 660
"H:/Unreal4-FirstPersonView/UnrealHorrorGame/Content/Assets/Materials/M_Floor_Water_Mesh_Paint_Inst.uasset" 661
"H:/Unreal4-FirstPersonView/UnrealHorrorGame/Content/Assets/Mesh/SM_Hallway_Floor_600_Simple.uasset" 662
"H:/Unreal4-FirstPersonView/UnrealHorrorGame/Content/Assets/Textures/T_Hallway_Gate_M.uasset" 663
"H:/Unreal4-FirstPersonView/UnrealHorrorGame/Content/Assets/Textures/T_Hallway_Gate_N.uasset" 664
"H:/Unreal4-FirstPersonView/UnrealHorrorGame/Content/Assets/Materials/M_Gate.uasset" 665
"H:/Unreal4-FirstPersonView/UnrealHorrorGame/Content/Assets/Mesh/SM_Hallway_Gate01.uasset" 666
"H:/Unreal4-FirstPersonView/UnrealHorrorGame/Content/Assets/Mesh/SM_Hallway_Gate_Left.uasset" 667
"H:/Unreal4-FirstPersonView/UnrealHorrorGame/Content/Assets/Mesh/SM_Hallway_Gate_SlidingFrame.uasset" 668
"H:/Unreal4-FirstPersonView/UnrealHorrorGame/Content/Assets/Materials/M_Mirror.uasset" 669
"H:/Unreal4-FirstPersonView/UnrealHorrorGame/Content/Assets/Mesh/SM_Hallway_Mirror_Sphere.uasset" 670
"H:/Unreal4-FirstPersonView/UnrealHorrorGame/Content/Assets/Mesh/SM_Hallway_Outlet01.uasset" 671
"H:/Unreal4-FirstPersonView/UnrealHorrorGame/Content/Assets/Textures/T_Reflection_Tiles_Broken_D.uasset" 672
"H:/Unreal4-FirstPersonView/UnrealHorrorGame/Content/Assets/Textures/T_Reflection_Tiles_Broken_N.uasset" 673
"H:/Unreal4-FirstPersonView/UnrealHorrorGame/Content/Assets/Textures/T_Reflection_Tiles_M.uasset" 674
"H:/Unreal4-FirstPersonView/UnrealHorrorGame/Content/Assets/Material_Layers/ML_Tiles_Broken.uasset" 675
"H:/Unreal4-FirstPersonView/UnrealHorrorGame/Content/Assets/Textures/T_Reflection_Tiles_D.uasset" 676
"H:/Unreal4-FirstPersonView/UnrealHorrorGame/Content/Assets/Textures/T_Reflection_Tiles_N.uasset" 677
"H:/Unreal4-FirstPersonView/UnrealHorrorGame/Content/Assets/Material_Layers/ML_Tiles_Whole.uasset" 678
"H:/Unreal4-FirstPersonView/UnrealHorrorGame/Content/Assets/Materials/M_Tiles_Wall_Mesh_Paint.uasset" 679
"H:/Unreal4-FirstPersonView/UnrealHorrorGame/Content/Assets/Mesh/SM_Hallway_Pillar01.uasset" 680
"H:/Unreal4-FirstPersonView/UnrealHorrorGame/Content/Assets/Mesh/SM_Hallway_Pillar02.uasset" 681
"H:/Unreal4-FirstPersonView/UnrealHorrorGame/Content/Assets/Materials/M_Pipes_Small.uasset" 682
"H:/Unreal4-FirstPersonView/UnrealHorrorGame/Content/Assets/Mesh/SM_Hallway_Pipe_Small_90.uasset" 683
"H:/Unreal4-FirstPersonView/UnrealHorrorGame/Content/Assets/Mesh/SM_Hallway_Poster03.uasset" 684
"H:/Unreal4-FirstPersonView/UnrealHorrorGame/Content/Assets/Mesh/SM_Hallway_Poster04.uasset" 685
"H:/Unreal4-FirstPersonView/UnrealHorrorGame/Content/Assets/Mesh/SM_Hallway_Poster05.uasset" 686
"H:/Unreal4-FirstPersonView/UnrealHorrorGame/Content/Assets/Mesh/SM_Hallway_Poster06.uasset" 687
"H:/Unreal4-FirstPersonView/UnrealHorrorGame/Content/Assets/Mesh/SM_Hallway_Poster07.uasset" 688
"H:/Unreal4-FirstPersonView/UnrealHorrorGame/Content/Assets/Mesh/SM_Hallway_Poster08.uasset" 689
"H:/Unreal4-FirstPersonView/UnrealHorrorGame/Content/Assets/Mesh/SM_Hallway_Stairs_300.uasset" 690
"H:/Unreal4-FirstPersonView/UnrealHorrorGame/Content/Assets/Textures/T_Trashbag_N.uasset" 691
"H:/Unreal4-FirstPersonView/UnrealHorrorGame/Content/Assets/Materials/M_Trashbag.uasset" 692
"H:/Unreal4-FirstPersonView/UnrealHorrorGame/Content/Assets/Mesh/SM_Hallway_Trashbag.uasset" 693
"H:/Unreal4-FirstPersonView/UnrealHorrorGame/Content/Assets/Material_Layers/ML_Mirror_Grunge.uasset" 694
"H:/Unreal4-FirstPersonView/UnrealHorrorGame/Content/Assets/Textures/T_Hallway_Trashcan_M.uasset" 695
"H:/Unreal4-FirstPersonView/UnrealHorrorGame/Content/Assets/Textures/T_Hallway_Trashcan_N.uasset" 696
"H:/Unreal4-FirstPersonView/UnrealHorrorGame/Content/Assets/Materials/M_Trashcan.uasset" 697
"H:/Unreal4-FirstPersonView/UnrealHorrorGame/Content/Assets/Mesh/SM_Hallway_Trashcan01.uasset" 698
"H:/Unreal4-FirstPersonView/UnrealHorrorGame/Content/Assets/Mesh/SM_Hallway_Wall_450_Closed.uasset" 699
"H:/Unreal4-FirstPersonView/UnrealHorrorGame/Content/Assets/Mesh/SM_Hallway_Wall_600.uasset" 700
"H:/Unreal4-FirstPersonView/UnrealHorrorGame/Content/Assets/Mesh/SM_Hallway_Wall_Corner_Inner_Curved_600.uasset" 701
"H:/Unreal4-FirstPersonView/UnrealHorrorGame/Content/Assets/Mesh/SM_Light_Fluorescent_01.uasset" 702
"H:/Unreal4-FirstPersonView/UnrealHorrorGame/Content/Assets/Mesh/SM_Light_Fluorescent_Hanging_01.uasset" 703
"H:/Unreal4-FirstPersonView/UnrealHorrorGame/Content/BluePrint/UMG/W_Sucess.uasset" 704
"H:/Unreal4-FirstPersonView/UnrealHorrorGame/Content/StarterContent/Textures/T_Dust_Particle_D.uasset" 705
"H:/Unreal4-FirstPersonView/UnrealHorrorGame/Content/BluePrint/Materials/M_Dust.uasset" 706
"H:/Unreal4-FirstPersonView/UnrealHorrorGame/Content/Particles/P_Dust.uasset" 707
"H:/Unreal4-FirstPersonView/UnrealHorrorGame/Content/Maps/HorrorLevel.umap" 708
"H:/Unreal4-FirstPersonView/UnrealHorrorGame/Content/BluePrint/UMG/W_Mainmenu.uasset" 709
"H:/Unreal4-FirstPersonView/UnrealHorrorGame/Content/BluePrint/GameBP/MainMenu/MainMenuController.uasset" 710
"H:/Unreal4-FirstPersonView/UnrealHorrorGame/Content/BluePrint/GameBP/MainMenu/GM_MainMenu.uasset" 711
"H:/Unreal4-FirstPersonView/UnrealHorrorGame/Content/Maps/MainMenu.umap" 712
